<?xml version="1.0" encoding="UTF-8"?>
<!-- Generated by org.testng.reporters.JUnitXMLReporter -->
<testsuite ignored="0" hostname="DESKTOP-QFBMQ48" failures="0" tests="4" name="Default test" time="0.071" errors="0" timestamp="2022-01-11T09:42:28 IST">
  <testcase classname="simpleproject.Test4" name="tc4" time="0.009"/>
  <testcase classname="simpleproject.Test3" name="tc3" time="0.002"/>
  <testcase classname="simpleproject.Test2" name="tc2" time="0.001"/>
  <testcase classname="simpleproject.Test1" name="tc1" time="0.001"/>
</testsuite> <!-- Default test -->
